[
  {
    "project": "granger_hub",
    "status": "failed",
    "tests": {
      "total": 0,
      "passed": 0,
      "failed": 0,
      "skipped": 0,
      "error": 0
    },
    "duration": 7.313969135284424,
    "output": "Cannot read termcap database;\nusing dumb terminal settings.\n============================= test session starts ==============================\nplatform linux -- Python 3.10.11, pytest-8.4.0, pluggy-1.6.0 -- /home/graham/workspace/experiments/granger_hub/.venv/bin/python\ncachedir: .pytest_cache\nmetadata: {'Python': '3.10.11', 'Platform': 'Linux-6.8.0-57-generic-x86_64-with-glibc2.39', 'Packages': {'pytest': '8.4.0', 'pluggy': '1.6.0'}, 'Plugins': {'metadata': '3.1.1', 'claude-test-reporter': '0.2.1', 'html': '4.1.1', 'allure-pytest': '2.14.2', 'json-report': '1.5.0', 'asyncio': '1.0.0', 'anyio': '4.9.0'}}\nrootdir: /home/graham/workspace/experiments/granger_hub\nconfigfile: pytest.ini\nplugins: metadata-3.1.1, claude-test-reporter-0.2.1, html-4.1.1, allure-pytest-2.14.2, json-report-1.5.0, asyncio-1.0.0, anyio-4.9.0\nasyncio: mode=strict, asyncio_default_fixture_loop_scope=None, asyncio_default_test_loop_scope=function\ncollecting ... collected 100 items / 24 errors\n\n==================================== ERRORS ====================================\n________ ERROR collecting tests/core/adapters/test_adapter_framework.py ________\n.venv/lib/python3.10/site-packages/_pytest/python.py:497: in importtestmodule\n    mod = import_path(\n.venv/lib/python3.10/site-packages/_pytest/pathlib.py:587: in import_path\n    importlib.import_module(module_name)\n../../../.local/share/uv/python/cpython-3.10.11-linux-x86_64-gnu/lib/python3.10/importlib/__init__.py:126: in import_module\n    return _bootstrap._gcd_import(name[level:], package, level)\n<frozen importlib._bootstrap>:1050: in _gcd_import\n    ???\n<frozen importlib._bootstrap>:1027: in _find_and_load\n    ???\n<frozen importlib._bootstrap>:1006: in _find_and_load_unlocked\n    ???\n<frozen importlib._bootstrap>:688: in _load_unlocked\n    ???\n.venv/lib/python3.10/site-packages/_pytest/assertion/rewrite.py:177: in exec_module\n    source_stat, co = _rewrite_test(fn, self.config)\n.venv/lib/python3.10/site-packages/_pytest/assertion/rewrite.py:357: in _rewrite_test\n    tree = ast.parse(source, filename=strfn)\n../../../.local/share/uv/python/cpython-3.10.11-linux-x86_64-gnu/lib/python3.10/ast.py:50: in parse\n    return compile(source, filename, mode, flags,\nE     File \"/home/graham/workspace/experiments/granger_hub/tests/core/adapters/test_adapter_framework.py\", line 37\nE       async def test_adapter_lifecycle(self):\nE   IndentationError: unexpected unindent\n________ ERROR collecting tests/core/adapters/test_adapter_honeypot.py _________\n.venv/lib/python3.10/site-packages/_pytest/python.py:497: in importtestmodule\n    mod = import_path(\n.venv/lib/python3.10/site-packages/_pytest/pathlib.py:587: in import_path\n    importlib.import_module(module_name)\n../../../.local/share/uv/python/cpython-3.10.11-linux-x86_64-gnu/lib/python3.10/importlib/__init__.py:126: in import_module\n    return _bootstrap._gcd_import(name[level:], package, level)\n<frozen importlib._bootstrap>:1050: in _gcd_import\n    ???\n<frozen importlib._bootstrap>:1027: in _find_and_load\n    ???\n<frozen importlib._bootstrap>:1006: in _find_and_load_unlocked\n    ???\n<frozen importlib._bootstrap>:688: in _load_unlocked\n    ???\n.venv/lib/python3.10/site-packages/_pytest/assertion/rewrite.py:177: in exec_module\n    source_stat, co = _rewrite_test(fn, self.config)\n.venv/lib/python3.10/site-packages/_pytest/assertion/rewrite.py:357: in _rewrite_test\n    tree = ast.parse(source, filename=strfn)\n../../../.local/share/uv/python/cpython-3.10.11-linux-x86_64-gnu/lib/python3.10/ast.py:50: in parse\n    return compile(source, filename, mode, flags,\nE     File \"/home/graham/workspace/experiments/granger_hub/tests/core/adapters/test_adapter_honeypot.py\", line 54\nE       async def test_impossible_zero_latency(self):\nE   IndentationError: unexpected unindent\n_________ ERROR collecting tests/core/adapters/test_binary_handling.py _________\n.venv/lib/python3.10/site-packages/_pytest/python.py:497: in importtestmodule\n    mod = import_path(\n.venv/lib/python3.10/site-packages/_pytest/pathlib.py:587: in import_path\n    importlib.import_module(module_name)\n../../../.local/share/uv/python/cpython-3.10.11-linux-x86_64-gnu/lib/python3.10/importlib/__init__.py:126: in import_module\n    return _bootstrap._gcd_import(name[level:], package, level)\n<frozen importlib._bootstrap>:1050: in _gcd_import\n    ???\n<frozen importlib._bootstrap>:1027: in _find_and_load\n    ???\n<frozen importlib._bootstrap>:1006: in _find_and_load_unlocked\n    ???\n<frozen importlib._bootstrap>:688: in _load_unlocked\n    ???\n.venv/lib/python3.10/site-packages/_pytest/assertion/rewrite.py:177: in exec_module\n    source_stat, co = _rewrite_test(fn, self.config)\n.venv/lib/python3.10/site-packages/_pytest/assertion/rewrite.py:357: in _rewrite_test\n    tree = ast.parse(source, filename=strfn)\n../../../.local/share/uv/python/cpython-3.10.11-linux-x86_64-gnu/lib/python3.10/ast.py:50: in parse\n    return compile(source, filename, mode, flags,\nE     File \"/home/graham/workspace/experiments/granger_hub/tests/core/adapters/test_binary_handling.py\", line 82\nE       async def test_compression_methods(self):\nE   IndentationError: unexpected unindent\n___________ ERROR collecting tests/core/adapters/test_cli_adapter.py ___________\n.venv/lib/python3.10/site-packages/_pytest/python.py:497: in importtestmodule\n    mod = import_path(\n.venv/lib/python3.10/site-packages/_pytest/pathlib.py:587: in import_path\n    importlib.import_module(module_name)\n../../../.local/share/uv/python/cpython-3.10.11-linux-x86_64-gnu/lib/python3.10/importlib/__init__.py:126: in import_module\n    return _bootstrap._gcd_import(name[level:], package, level)\n<frozen importlib._bootstrap>:1050: in _gcd_import\n    ???\n<frozen importlib._bootstrap>:1027: in _find_and_load\n    ???\n<frozen importlib._bootstrap>:1006: in _find_and_load_unlocked\n    ???\n<frozen importlib._bootstrap>:688: in _load_unlocked\n    ???\n.venv/lib/python3.10/site-packages/_pytest/assertion/rewrite.py:177: in exec_module\n    source_stat, co = _rewrite_test(fn, self.config)\n.venv/lib/python3.10/site-packages/_pytest/assertion/rewrite.py:357: in _rewrite_test\n    tree = ast.parse(source, filename=strfn)\n../../../.local/share/uv/python/cpython-3.10.11-linux-x86_64-gnu/lib/python3.10/ast.py:50: in parse\n    return compile(source, filename, mode, flags,\nE     File \"/home/graham/workspace/experiments/granger_hub/tests/core/adapters/test_cli_adapter.py\", line 26\nE       async def test_real_process_execution(self):\nE   IndentationError: unexpected unindent\n________ ERROR collecting tests/core/adapters/test_hardware_adapters.py ________\n.venv/lib/python3.10/site-packages/_pytest/python.py:497: in importtestmodule\n    mod = import_path(\n.venv/lib/python3.10/site-packages/_pytest/pathlib.py:587: in import_path\n    importlib.import_module(module_name)\n../../../.local/share/uv/python/cpython-3.10.11-linux-x86_64-gnu/lib/python3.10/importlib/__init__.py:126: in import_module\n    return _bootstrap._gcd_import(name[level:], package, level)\n<frozen importlib._bootstrap>:1050: in _gcd_import\n    ???\n<frozen importlib._bootstrap>:1027: in _find_and_load\n    ???\n<frozen importlib._bootstrap>:1006: in _find_and_load_unlocked\n    ???\n<frozen importlib._bootstrap>:688: in _load_unlocked\n    ???\n.venv/lib/python3.10/site-packages/_pytest/assertion/rewrite.py:177: in exec_module\n    source_stat, co = _rewrite_test(fn, self.config)\n.venv/lib/python3.10/site-packages/_pytest/assertion/rewrite.py:357: in _rewrite_test\n    tree = ast.parse(source, filename=strfn)\n../../../.local/share/uv/python/cpython-3.10.11-linux-x86_64-gnu/lib/python3.10/ast.py:50: in parse\n    return compile(source, filename, mode, flags,\nE     File \"/home/graham/workspace/experiments/granger_hub/tests/core/adapters/test_hardware_adapters.py\", line 32\nE       async def test_jtag_connection_and_memory_read(self):\nE   IndentationError: unexpected unindent\n___________ ERROR collecting tests/core/adapters/test_mcp_adapter.py ___________\n.venv/lib/python3.10/site-packages/_pytest/python.py:497: in importtestmodule\n    mod = import_path(\n.venv/lib/python3.10/site-packages/_pytest/pathlib.py:587: in import_path\n    importlib.import_module(module_name)\n../../../.local/share/uv/python/cpython-3.10.11-linux-x86_64-gnu/lib/python3.10/importlib/__init__.py:126: in import_module\n    return _bootstrap._gcd_import(name[level:], package, level)\n<frozen importlib._bootstrap>:1050: in _gcd_import\n    ???\n<frozen importlib._bootstrap>:1027: in _find_and_load\n    ???\n<frozen importlib._bootstrap>:1006: in _find_and_load_unlocked\n    ???\n<frozen importlib._bootstrap>:688: in _load_unlocked\n    ???\n.venv/lib/python3.10/site-packages/_pytest/assertion/rewrite.py:177: in exec_module\n    source_stat, co = _rewrite_test(fn, self.config)\n.venv/lib/python3.10/site-packages/_pytest/assertion/rewrite.py:357: in _rewrite_test\n    tree = ast.parse(source, filename=strfn)\n../../../.local/share/uv/python/cpython-3.10.11-linux-x86_64-gnu/lib/python3.10/ast.py:50: in parse\n    return compile(source, filename, mode, flags,\nE     File \"/home/graham/workspace/experiments/granger_hub/tests/core/adapters/test_mcp_adapter.py\", line 124\nE       async def test_real_mcp_connection(self):\nE   IndentationError: unexpected unindent\n__________ ERROR collecting tests/core/adapters/test_rest_adapter.py ___________\n.venv/lib/python3.10/site-packages/_pytest/python.py:497: in importtestmodule\n    mod = import_path(\n.venv/lib/python3.10/site-packages/_pytest/pathlib.py:587: in import_path\n    importlib.import_module(module_name)\n../../../.local/share/uv/python/cpython-3.10.11-linux-x86_64-gnu/lib/python3.10/importlib/__init__.py:126: in import_module\n    return _bootstrap._gcd_import(name[level:], package, level)\n<frozen importlib._bootstrap>:1050: in _gcd_import\n    ???\n<frozen importlib._bootstrap>:1027: in _find_and_load\n    ???\n<frozen importlib._bootstrap>:1006: in _find_and_load_unlocked\n    ???\n<frozen importlib._bootstrap>:688: in _load_unlocked\n    ???\n.venv/lib/python3.10/site-packages/_pytest/assertion/rewrite.py:177: in exec_module\n    source_stat, co = _rewrite_test(fn, self.config)\n.venv/lib/python3.10/site-packages/_pytest/assertion/rewrite.py:357: in _rewrite_test\n    tree = ast.parse(source, filename=strfn)\n../../../.local/share/uv/python/cpython-3.10.11-linux-x86_64-gnu/lib/python3.10/ast.py:50: in parse\n    return compile(source, filename, mode, flags,\nE     File \"/home/graham/workspace/experiments/granger_hub/tests/core/adapters/test_rest_adapter.py\", line 105\nE       async def test_real_http_request(self):\nE   IndentationError: unexpected unindent\n____ ERROR collecting tests/core/modules/test_browser_automation_module.py _____\n.venv/lib/python3.10/site-packages/_pytest/python.py:497: in importtestmodule\n    mod = import_path(\n.venv/lib/python3.10/site-packages/_pytest/pathlib.py:587: in import_path\n    importlib.import_module(module_name)\n../../../.local/share/uv/python/cpython-3.10.11-linux-x86_64-gnu/lib/python3.10/importlib/__init__.py:126: in import_module\n    return _bootstrap._gcd_import(name[level:], package, level)\n<frozen importlib._bootstrap>:1050: in _gcd_import\n    ???\n<frozen importlib._bootstrap>:1027: in _find_and_load\n    ???\n<frozen importlib._bootstrap>:1006: in _find_and_load_unlocked\n    ???\n<frozen importlib._bootstrap>:688: in _load_unlocked\n    ???\n.venv/lib/python3.10/site-packages/_pytest/assertion/rewrite.py:177: in exec_module\n    source_stat, co = _rewrite_test(fn, self.config)\n.venv/lib/python3.10/site-packages/_pytest/assertion/rewrite.py:357: in _rewrite_test\n    tree = ast.parse(source, filename=strfn)\n../../../.local/share/uv/python/cpython-3.10.11-linux-x86_64-gnu/lib/python3.10/ast.py:50: in parse\n    return compile(source, filename, mode, flags,\nE     File \"/home/graham/workspace/experiments/granger_hub/tests/core/modules/test_browser_automation_module.py\", line 37\nE       async def test_module_initialization(self, browser_module):\nE   IndentationError: unexpected unindent\n_______________ ERROR collecting tests/core/test_event_system.py _______________\n.venv/lib/python3.10/site-packages/_pytest/python.py:497: in importtestmodule\n    mod = import_path(\n.venv/lib/python3.10/site-packages/_pytest/pathlib.py:587: in import_path\n    importlib.import_module(module_name)\n../../../.local/share/uv/python/cpython-3.10.11-linux-x86_64-gnu/lib/python3.10/importlib/__init__.py:126: in import_module\n    return _bootstrap._gcd_import(name[level:], package, level)\n<frozen importlib._bootstrap>:1050: in _gcd_import\n    ???\n<frozen importlib._bootstrap>:1027: in _find_and_load\n    ???\n<frozen importlib._bootstrap>:1006: in _find_and_load_unlocked\n    ???\n<frozen importlib._bootstrap>:688: in _load_unlocked\n    ???\n.venv/lib/python3.10/site-packages/_pytest/assertion/rewrite.py:177: in exec_module\n    source_stat, co = _rewrite_test(fn, self.config)\n.venv/lib/python3.10/site-packages/_pytest/assertion/rewrite.py:357: in _rewrite_test\n    tree = ast.parse(source, filename=strfn)\n../../../.local/share/uv/python/cpython-3.10.11-linux-x86_64-gnu/lib/python3.10/ast.py:50: in parse\n    return compile(source, filename, mode, flags,\nE     File \"/home/graham/workspace/experiments/granger_hub/tests/core/test_event_system.py\", line 38\nE       async def test_basic_pub_sub(self):\nE   IndentationError: unexpected unindent\n_ ERROR collecting tests/integration_scenarios/categories/research_integration/test_paper_validation.py _\n.venv/lib/python3.10/site-packages/_pytest/python.py:497: in importtestmodule\n    mod = import_path(\n.venv/lib/python3.10/site-packages/_pytest/pathlib.py:587: in import_path\n    importlib.import_module(module_name)\n../../../.local/share/uv/python/cpython-3.10.11-linux-x86_64-gnu/lib/python3.10/importlib/__init__.py:126: in import_module\n    return _bootstrap._gcd_import(name[level:], package, level)\n<frozen importlib._bootstrap>:1050: in _gcd_import\n    ???\n<frozen importlib._bootstrap>:1027: in _find_and_load\n    ???\n<frozen importlib._bootstrap>:1006: in _find_and_load_unlocked\n    ???\n<frozen importlib._bootstrap>:688: in _load_unlocked\n    ???\n.venv/lib/python3.10/site-packages/_pytest/assertion/rewrite.py:177: in exec_module\n    source_stat, co = _rewrite_test(fn, self.config)\n.venv/lib/python3.10/site-packages/_pytest/assertion/rewrite.py:357: in _rewrite_test\n    tree = ast.parse(source, filename=strfn)\n../../../.local/share/uv/python/cpython-3.10.11-linux-x86_64-gnu/lib/python3.10/ast.py:50: in parse\n    return compile(source, filename, mode, flags,\nE     File \"/home/graham/workspace/experiments/granger_hub/tests/integration_scenarios/categories/research_integration/test_paper_validation.py\", line 134\nE       async def test_breakthrough_claim_validation(self, # REMOVED: mock_modules, workflow_runner):\nE   IndentationError: unexpected unindent\n_ ERROR collecting tests/integration_scenarios/generated/document_processing/test_testcachearangodbv2.py _\n.venv/lib/python3.10/site-packages/_pytest/python.py:497: in importtestmodule\n    mod = import_path(\n.venv/lib/python3.10/site-packages/_pytest/pathlib.py:587: in import_path\n    importlib.import_module(module_name)\n../../../.local/share/uv/python/cpython-3.10.11-linux-x86_64-gnu/lib/python3.10/importlib/__init__.py:126: in import_module\n    return _bootstrap._gcd_import(name[level:], package, level)\n<frozen importlib._bootstrap>:1050: in _gcd_import\n    ???\n<frozen importlib._bootstrap>:1027: in _find_and_load\n    ???\n<frozen importlib._bootstrap>:1006: in _find_and_load_unlocked\n    ???\n<frozen importlib._bootstrap>:688: in _load_unlocked\n    ???\n.venv/lib/python3.10/site-packages/_pytest/assertion/rewrite.py:177: in exec_module\n    source_stat, co = _rewrite_test(fn, self.config)\n.venv/lib/python3.10/site-packages/_pytest/assertion/rewrite.py:357: in _rewrite_test\n    tree = ast.parse(source, filename=strfn)\n../../../.local/share/uv/python/cpython-3.10.11-linux-x86_64-gnu/lib/python3.10/ast.py:50: in parse\n    return compile(source, filename, mode, flags,\nE     File \"/home/graham/workspace/experiments/granger_hub/tests/integration_scenarios/generated/document_processing/test_testcachearangodbv2.py\", line 95\nE       async def test_successful_execution(self, # REMOVED: mock_modules, workflow_runner):\nE   IndentationError: unexpected unindent\n_ ERROR collecting tests/integration_scenarios/generated/document_processing/test_testcachearangodbv2_evolved.py _\n.venv/lib/python3.10/site-packages/_pytest/python.py:497: in importtestmodule\n    mod = import_path(\n.venv/lib/python3.10/site-packages/_pytest/pathlib.py:587: in import_path\n    importlib.import_module(module_name)\n../../../.local/share/uv/python/cpython-3.10.11-linux-x86_64-gnu/lib/python3.10/importlib/__init__.py:126: in import_module\n    return _bootstrap._gcd_import(name[level:], package, level)\n<frozen importlib._bootstrap>:1050: in _gcd_import\n    ???\n<frozen importlib._bootstrap>:1027: in _find_and_load\n    ???\n<frozen importlib._bootstrap>:1006: in _find_and_load_unlocked\n    ???\n<frozen importlib._bootstrap>:688: in _load_unlocked\n    ???\n.venv/lib/python3.10/site-packages/_pytest/assertion/rewrite.py:177: in exec_module\n    source_stat, co = _rewrite_test(fn, self.config)\n.venv/lib/python3.10/site-packages/_pytest/assertion/rewrite.py:357: in _rewrite_test\n    tree = ast.parse(source, filename=strfn)\n../../../.local/share/uv/python/cpython-3.10.11-linux-x86_64-gnu/lib/python3.10/ast.py:50: in parse\n    return compile(source, filename, mode, flags,\nE     File \"/home/graham/workspace/experiments/granger_hub/tests/integration_scenarios/generated/document_processing/test_testcachearangodbv2_evolved.py\", line 95\nE       async def test_successful_execution(self, # REMOVED: mock_modules, workflow_runner):\nE   IndentationError: unexpected unindent\n_ ERROR collecting tests/integration_scenarios/generated/integration/test_testhybridcacheparallel.py _\n.venv/lib/python3.10/site-packages/_pytest/python.py:497: in importtestmodule\n    mod = import_path(\n.venv/lib/python3.10/site-packages/_pytest/pathlib.py:587: in import_path\n    importlib.import_module(module_name)\n../../../.local/share/uv/python/cpython-3.10.11-linux-x86_64-gnu/lib/python3.10/importlib/__init__.py:126: in import_module\n    return _bootstrap._gcd_import(name[level:], package, level)\n<frozen importlib._bootstrap>:1050: in _gcd_import\n    ???\n<frozen importlib._bootstrap>:1027: in _find_and_load\n    ???\n<frozen importlib._bootstrap>:1006: in _find_and_load_unlocked\n    ???\n<frozen importlib._bootstrap>:688: in _load_unlocked\n    ???\n.venv/lib/python3.10/site-packages/_pytest/assertion/rewrite.py:177: in exec_module\n    source_stat, co = _rewrite_test(fn, self.config)\n.venv/lib/python3.10/site-packages/_pytest/assertion/rewrite.py:357: in _rewrite_test\n    tree = ast.parse(source, filename=strfn)\n../../../.local/share/uv/python/cpython-3.10.11-linux-x86_64-gnu/lib/python3.10/ast.py:50: in parse\n    return compile(source, filename, mode, flags,\nE     File \"/home/graham/workspace/experiments/granger_hub/tests/integration_scenarios/generated/integration/test_testhybridcacheparallel.py\", line 121\nE       async def test_successful_execution(self, # REMOVED: mock_modules, workflow_runner):\nE   IndentationError: unexpected unindent\n_ ERROR collecting tests/integration_scenarios/generated/ml_workflows/test_rl_module_learning.py _\n.venv/lib/python3.10/site-packages/_pytest/python.py:497: in importtestmodule\n    mod = import_path(\n.venv/lib/python3.10/site-packages/_pytest/pathlib.py:587: in import_path\n    importlib.import_module(module_name)\n../../../.local/share/uv/python/cpython-3.10.11-linux-x86_64-gnu/lib/python3.10/importlib/__init__.py:126: in import_module\n    return _bootstrap._gcd_import(name[level:], package, level)\n<frozen importlib._bootstrap>:1050: in _gcd_import\n    ???\n<frozen importlib._bootstrap>:1027: in _find_and_load\n    ???\n<frozen importlib._bootstrap>:1006: in _find_and_load_unlocked\n    ???\n<frozen importlib._bootstrap>:688: in _load_unlocked\n    ???\n.venv/lib/python3.10/site-packages/_pytest/assertion/rewrite.py:177: in exec_module\n    source_stat, co = _rewrite_test(fn, self.config)\n.venv/lib/python3.10/site-packages/_pytest/assertion/rewrite.py:357: in _rewrite_test\n    tree = ast.parse(source, filename=strfn)\n../../../.local/share/uv/python/cpython-3.10.11-linux-x86_64-gnu/lib/python3.10/ast.py:50: in parse\n    return compile(source, filename, mode, flags,\nE     File \"/home/graham/workspace/experiments/granger_hub/tests/integration_scenarios/generated/ml_workflows/test_rl_module_learning.py\", line 72\nE       \"\"\"Configure mock modules to simulate different specializations\"\"\"\nE       ^^^^^^^^^^^^^^^^^^^^^^^^^^^^^^^^^^^^^^^^^^^^^^^^^^^^^^^^^^^^^^^^^^\nE   SyntaxError: invalid syntax\n_ ERROR collecting tests/integration_scenarios/generated/ml_workflows/test_testapigatewayllm_callv4.py _\n.venv/lib/python3.10/site-packages/_pytest/python.py:497: in importtestmodule\n    mod = import_path(\n.venv/lib/python3.10/site-packages/_pytest/pathlib.py:587: in import_path\n    importlib.import_module(module_name)\n../../../.local/share/uv/python/cpython-3.10.11-linux-x86_64-gnu/lib/python3.10/importlib/__init__.py:126: in import_module\n    return _bootstrap._gcd_import(name[level:], package, level)\n<frozen importlib._bootstrap>:1050: in _gcd_import\n    ???\n<frozen importlib._bootstrap>:1027: in _find_and_load\n    ???\n<frozen importlib._bootstrap>:1006: in _find_and_load_unlocked\n    ???\n<frozen importlib._bootstrap>:688: in _load_unlocked\n    ???\n.venv/lib/python3.10/site-packages/_pytest/assertion/rewrite.py:177: in exec_module\n    source_stat, co = _rewrite_test(fn, self.config)\n.venv/lib/python3.10/site-packages/_pytest/assertion/rewrite.py:357: in _rewrite_test\n    tree = ast.parse(source, filename=strfn)\n../../../.local/share/uv/python/cpython-3.10.11-linux-x86_64-gnu/lib/python3.10/ast.py:50: in parse\n    return compile(source, filename, mode, flags,\nE     File \"/home/graham/workspace/experiments/granger_hub/tests/integration_scenarios/generated/ml_workflows/test_testapigatewayllm_callv4.py\", line 83\nE       async def test_successful_execution(self, # REMOVED: mock_modules, workflow_runner):\nE   IndentationError: unexpected unindent\n_ ERROR collecting tests/integration_scenarios/generated/ml_workflows/test_testmessagequeuellm_callv3.py _\n.venv/lib/python3.10/site-packages/_pytest/python.py:497: in importtestmodule\n    mod = import_path(\n.venv/lib/python3.10/site-packages/_pytest/pathlib.py:587: in import_path\n    importlib.import_module(module_name)\n../../../.local/share/uv/python/cpython-3.10.11-linux-x86_64-gnu/lib/python3.10/importlib/__init__.py:126: in import_module\n    return _bootstrap._gcd_import(name[level:], package, level)\n<frozen importlib._bootstrap>:1050: in _gcd_import\n    ???\n<frozen importlib._bootstrap>:1027: in _find_and_load\n    ???\n<frozen importlib._bootstrap>:1006: in _find_and_load_unlocked\n    ???\n<frozen importlib._bootstrap>:688: in _load_unlocked\n    ???\n.venv/lib/python3.10/site-packages/_pytest/assertion/rewrite.py:177: in exec_module\n    source_stat, co = _rewrite_test(fn, self.config)\n.venv/lib/python3.10/site-packages/_pytest/assertion/rewrite.py:357: in _rewrite_test\n    tree = ast.parse(source, filename=strfn)\n../../../.local/share/uv/python/cpython-3.10.11-linux-x86_64-gnu/lib/python3.10/ast.py:50: in parse\n    return compile(source, filename, mode, flags,\nE     File \"/home/graham/workspace/experiments/granger_hub/tests/integration_scenarios/generated/ml_workflows/test_testmessagequeuellm_callv3.py\", line 83\nE       async def test_successful_execution(self, # REMOVED: mock_modules, workflow_runner):\nE   IndentationError: unexpected unindent\n_ ERROR collecting tests/integration_scenarios/generated/ml_workflows/test_testmessagequeuellm_callv3_evolved.py _\n.venv/lib/python3.10/site-packages/_pytest/python.py:497: in importtestmodule\n    mod = import_path(\n.venv/lib/python3.10/site-packages/_pytest/pathlib.py:587: in import_path\n    importlib.import_module(module_name)\n../../../.local/share/uv/python/cpython-3.10.11-linux-x86_64-gnu/lib/python3.10/importlib/__init__.py:126: in import_module\n    return _bootstrap._gcd_import(name[level:], package, level)\n<frozen importlib._bootstrap>:1050: in _gcd_import\n    ???\n<frozen importlib._bootstrap>:1027: in _find_and_load\n    ???\n<frozen importlib._bootstrap>:1006: in _find_and_load_unlocked\n    ???\n<frozen importlib._bootstrap>:688: in _load_unlocked\n    ???\n.venv/lib/python3.10/site-packages/_pytest/assertion/rewrite.py:177: in exec_module\n    source_stat, co = _rewrite_test(fn, self.config)\n.venv/lib/python3.10/site-packages/_pytest/assertion/rewrite.py:357: in _rewrite_test\n    tree = ast.parse(source, filename=strfn)\n../../../.local/share/uv/python/cpython-3.10.11-linux-x86_64-gnu/lib/python3.10/ast.py:50: in parse\n    return compile(source, filename, mode, flags,\nE     File \"/home/graham/workspace/experiments/granger_hub/tests/integration_scenarios/generated/ml_workflows/test_testmessagequeuellm_callv3_evolved.py\", line 83\nE       async def test_successful_execution(self, # REMOVED: mock_modules, workflow_runner):\nE   IndentationError: unexpected unindent\n_ ERROR collecting tests/integration_scenarios/generated/ml_workflows/test_testtestpatternllm_callv1.py _\n.venv/lib/python3.10/site-packages/_pytest/python.py:497: in importtestmodule\n    mod = import_path(\n.venv/lib/python3.10/site-packages/_pytest/pathlib.py:587: in import_path\n    importlib.import_module(module_name)\n../../../.local/share/uv/python/cpython-3.10.11-linux-x86_64-gnu/lib/python3.10/importlib/__init__.py:126: in import_module\n    return _bootstrap._gcd_import(name[level:], package, level)\n<frozen importlib._bootstrap>:1050: in _gcd_import\n    ???\n<frozen importlib._bootstrap>:1027: in _find_and_load\n    ???\n<frozen importlib._bootstrap>:1006: in _find_and_load_unlocked\n    ???\n<frozen importlib._bootstrap>:688: in _load_unlocked\n    ???\n.venv/lib/python3.10/site-packages/_pytest/assertion/rewrite.py:177: in exec_module\n    source_stat, co = _rewrite_test(fn, self.config)\n.venv/lib/python3.10/site-packages/_pytest/assertion/rewrite.py:357: in _rewrite_test\n    tree = ast.parse(source, filename=strfn)\n../../../.local/share/uv/python/cpython-3.10.11-linux-x86_64-gnu/lib/python3.10/ast.py:50: in parse\n    return compile(source, filename, mode, flags,\nE     File \"/home/graham/workspace/experiments/granger_hub/tests/integration_scenarios/generated/ml_workflows/test_testtestpatternllm_callv1.py\", line 83\nE       async def test_successful_execution(self, # REMOVED: mock_modules, workflow_runner):\nE   IndentationError: unexpected unindent\n_ ERROR collecting tests/integration_scenarios/generated/research_integration/test_testparallelarxivv1.py _\n.venv/lib/python3.10/site-packages/_pytest/python.py:497: in importtestmodule\n    mod = import_path(\n.venv/lib/python3.10/site-packages/_pytest/pathlib.py:587: in import_path\n    importlib.import_module(module_name)\n../../../.local/share/uv/python/cpython-3.10.11-linux-x86_64-gnu/lib/python3.10/importlib/__init__.py:126: in import_module\n    return _bootstrap._gcd_import(name[level:], package, level)\n<frozen importlib._bootstrap>:1050: in _gcd_import\n    ???\n<frozen importlib._bootstrap>:1027: in _find_and_load\n    ???\n<frozen importlib._bootstrap>:1006: in _find_and_load_unlocked\n    ???\n<frozen importlib._bootstrap>:688: in _load_unlocked\n    ???\n.venv/lib/python3.10/site-packages/_pytest/assertion/rewrite.py:177: in exec_module\n    source_stat, co = _rewrite_test(fn, self.config)\n.venv/lib/python3.10/site-packages/_pytest/assertion/rewrite.py:357: in _rewrite_test\n    tree = ast.parse(source, filename=strfn)\n../../../.local/share/uv/python/cpython-3.10.11-linux-x86_64-gnu/lib/python3.10/ast.py:50: in parse\n    return compile(source, filename, mode, flags,\nE     File \"/home/graham/workspace/experiments/granger_hub/tests/integration_scenarios/generated/research_integration/test_testparallelarxivv1.py\", line 97\nE       async def test_successful_execution(self, # REMOVED: mock_modules, workflow_runner):\nE   IndentationError: unexpected unindent\n_ ERROR collecting tests/integration_scenarios/generated/research_integration/test_testparallelarxivv1_evolved.py _\n.venv/lib/python3.10/site-packages/_pytest/python.py:497: in importtestmodule\n    mod = import_path(\n.venv/lib/python3.10/site-packages/_pytest/pathlib.py:587: in import_path\n    importlib.import_module(module_name)\n../../../.local/share/uv/python/cpython-3.10.11-linux-x86_64-gnu/lib/python3.10/importlib/__init__.py:126: in import_module\n    return _bootstrap._gcd_import(name[level:], package, level)\n<frozen importlib._bootstrap>:1050: in _gcd_import\n    ???\n<frozen importlib._bootstrap>:1027: in _find_and_load\n    ???\n<frozen importlib._bootstrap>:1006: in _find_and_load_unlocked\n    ???\n<frozen importlib._bootstrap>:688: in _load_unlocked\n    ???\n.venv/lib/python3.10/site-packages/_pytest/assertion/rewrite.py:177: in exec_module\n    source_stat, co = _rewrite_test(fn, self.config)\n.venv/lib/python3.10/site-packages/_pytest/assertion/rewrite.py:357: in _rewrite_test\n    tree = ast.parse(source, filename=strfn)\n../../../.local/share/uv/python/cpython-3.10.11-linux-x86_64-gnu/lib/python3.10/ast.py:50: in parse\n    return compile(source, filename, mode, flags,\nE     File \"/home/graham/workspace/experiments/granger_hub/tests/integration_scenarios/generated/research_integration/test_testparallelarxivv1_evolved.py\", line 97\nE       async def test_successful_execution(self, # REMOVED: mock_modules, workflow_runner):\nE   IndentationError: unexpected unindent\n_ ERROR collecting tests/integration_scenarios/rl_integration/test_rl_module_selection.py _\n.venv/lib/python3.10/site-packages/_pytest/python.py:497: in importtestmodule\n    mod = import_path(\n.venv/lib/python3.10/site-packages/_pytest/pathlib.py:587: in import_path\n    importlib.import_module(module_name)\n../../../.local/share/uv/python/cpython-3.10.11-linux-x86_64-gnu/lib/python3.10/importlib/__init__.py:126: in import_module\n    return _bootstrap._gcd_import(name[level:], package, level)\n<frozen importlib._bootstrap>:1050: in _gcd_import\n    ???\n<frozen importlib._bootstrap>:1027: in _find_and_load\n    ???\n<frozen importlib._bootstrap>:1006: in _find_and_load_unlocked\n    ???\n<frozen importlib._bootstrap>:688: in _load_unlocked\n    ???\n.venv/lib/python3.10/site-packages/_pytest/assertion/rewrite.py:177: in exec_module\n    source_stat, co = _rewrite_test(fn, self.config)\n.venv/lib/python3.10/site-packages/_pytest/assertion/rewrite.py:357: in _rewrite_test\n    tree = ast.parse(source, filename=strfn)\n../../../.local/share/uv/python/cpython-3.10.11-linux-x86_64-gnu/lib/python3.10/ast.py:50: in parse\n    return compile(source, filename, mode, flags,\nE     File \"/home/graham/workspace/experiments/granger_hub/tests/integration_scenarios/rl_integration/test_rl_module_selection.py\", line 175\nE       async def test_rl_learns_module_specialization(self, setup_modules):\nE   IndentationError: unexpected unindent\n_____________ ERROR collecting tests/rl/metrics/test_rl_metrics.py _____________\n.venv/lib/python3.10/site-packages/_pytest/python.py:497: in importtestmodule\n    mod = import_path(\n.venv/lib/python3.10/site-packages/_pytest/pathlib.py:587: in import_path\n    importlib.import_module(module_name)\n../../../.local/share/uv/python/cpython-3.10.11-linux-x86_64-gnu/lib/python3.10/importlib/__init__.py:126: in import_module\n    return _bootstrap._gcd_import(name[level:], package, level)\n<frozen importlib._bootstrap>:1050: in _gcd_import\n    ???\n<frozen importlib._bootstrap>:1027: in _find_and_load\n    ???\n<frozen importlib._bootstrap>:1006: in _find_and_load_unlocked\n    ???\n<frozen importlib._bootstrap>:688: in _load_unlocked\n    ???\n.venv/lib/python3.10/site-packages/_pytest/assertion/rewrite.py:177: in exec_module\n    source_stat, co = _rewrite_test(fn, self.config)\n.venv/lib/python3.10/site-packages/_pytest/assertion/rewrite.py:357: in _rewrite_test\n    tree = ast.parse(source, filename=strfn)\n../../../.local/share/uv/python/cpython-3.10.11-linux-x86_64-gnu/lib/python3.10/ast.py:50: in parse\n    return compile(source, filename, mode, flags,\nE     File \"/home/graham/workspace/experiments/granger_hub/tests/rl/metrics/test_rl_metrics.py\", line 264\nE       await # REMOVED: mock_store.store_metric(metric)\nE             ^^^^^^^^^^^^^^^^^^^^^^^^^^^^^^^^^^^^^^^^^^\nE   SyntaxError: invalid syntax\n____________ ERROR collecting tests/test_integration_validation.py _____________\n.venv/lib/python3.10/site-packages/_pytest/python.py:497: in importtestmodule\n    mod = import_path(\n.venv/lib/python3.10/site-packages/_pytest/pathlib.py:587: in import_path\n    importlib.import_module(module_name)\n../../../.local/share/uv/python/cpython-3.10.11-linux-x86_64-gnu/lib/python3.10/importlib/__init__.py:126: in import_module\n    return _bootstrap._gcd_import(name[level:], package, level)\n<frozen importlib._bootstrap>:1050: in _gcd_import\n    ???\n<frozen importlib._bootstrap>:1027: in _find_and_load\n    ???\n<frozen importlib._bootstrap>:1006: in _find_and_load_unlocked\n    ???\n<frozen importlib._bootstrap>:688: in _load_unlocked\n    ???\n.venv/lib/python3.10/site-packages/_pytest/assertion/rewrite.py:177: in exec_module\n    source_stat, co = _rewrite_test(fn, self.config)\n.venv/lib/python3.10/site-packages/_pytest/assertion/rewrite.py:357: in _rewrite_test\n    tree = ast.parse(source, filename=strfn)\n../../../.local/share/uv/python/cpython-3.10.11-linux-x86_64-gnu/lib/python3.10/ast.py:50: in parse\n    return compile(source, filename, mode, flags,\nE     File \"/home/graham/workspace/experiments/granger_hub/tests/test_integration_validation.py\", line 92\nE       async def test_binary_handling_with_compression(self):\nE   IndentationError: unexpected unindent\n_______________ ERROR collecting tests/test_service_discovery.py _______________\n.venv/lib/python3.10/site-packages/_pytest/python.py:497: in importtestmodule\n    mod = import_path(\n.venv/lib/python3.10/site-packages/_pytest/pathlib.py:587: in import_path\n    importlib.import_module(module_name)\n../../../.local/share/uv/python/cpython-3.10.11-linux-x86_64-gnu/lib/python3.10/importlib/__init__.py:126: in import_module\n    return _bootstrap._gcd_import(name[level:], package, level)\n<frozen importlib._bootstrap>:1050: in _gcd_import\n    ???\n<frozen importlib._bootstrap>:1027: in _find_and_load\n    ???\n<frozen importlib._bootstrap>:1006: in _find_and_load_unlocked\n    ???\n<frozen importlib._bootstrap>:688: in _load_unlocked\n    ???\n.venv/lib/python3.10/site-packages/_pytest/assertion/rewrite.py:177: in exec_module\n    source_stat, co = _rewrite_test(fn, self.config)\n.venv/lib/python3.10/site-packages/_pytest/assertion/rewrite.py:357: in _rewrite_test\n    tree = ast.parse(source, filename=strfn)\n../../../.local/share/uv/python/cpython-3.10.11-linux-x86_64-gnu/lib/python3.10/ast.py:50: in parse\n    return compile(source, filename, mode, flags,\nE     File \"/home/graham/workspace/experiments/granger_hub/tests/test_service_discovery.py\", line 31\nE       async def test_manual_service_registration(self):\nE   IndentationError: unexpected unindent\n=============================== warnings summary ===============================\ntests/core/conversation/test_conversation_context.py:25\n  /home/graham/workspace/experiments/granger_hub/tests/core/conversation/test_conversation_context.py:25: PytestCollectionWarning: cannot collect test class 'TestConversationModule' because it has a __init__ constructor (from: tests/core/conversation/test_conversation_context.py)\n    class TestConversationModule(ConversationModule):\n\n.venv/lib/python3.10/site-packages/pydantic/_internal/_config.py:323\n  /home/graham/workspace/experiments/granger_hub/.venv/lib/python3.10/site-packages/pydantic/_internal/_config.py:323: PydanticDeprecatedSince20: Support for class-based `config` is deprecated, use ConfigDict instead. Deprecated in Pydantic V2.0 to be removed in V3.0. See Pydantic V2 Migration Guide at https://errors.pydantic.dev/2.11/migration/\n    warnings.warn(DEPRECATION_MESSAGE, DeprecationWarning)\n\nsrc/granger_hub/core/llm/llm_config.py:50\n  /home/graham/workspace/experiments/granger_hub/src/granger_hub/core/llm/llm_config.py:50: PydanticDeprecatedSince20: Pydantic V1 style `@validator` validators are deprecated. You should migrate to Pydantic V2 style `@field_validator` validators, see the migration guide for more details. Deprecated in Pydantic V2.0 to be removed in V3.0. See Pydantic V2 Migration Guide at https://errors.pydantic.dev/2.11/migration/\n    @validator('api_key')\n\ntests/core/modules/test_analyzer.py:31\n  /home/graham/workspace/experiments/granger_hub/tests/core/modules/test_analyzer.py:31: PytestCollectionWarning: cannot collect test class 'TestResult' because it has a __init__ constructor (from: tests/core/modules/test_analyzer.py)\n    @dataclass\n\nsrc/granger_hub/rl/metrics/models.py:48\n  /home/graham/workspace/experiments/granger_hub/src/granger_hub/rl/metrics/models.py:48: PydanticDeprecatedSince20: Pydantic V1 style `@validator` validators are deprecated. You should migrate to Pydantic V2 style `@field_validator` validators, see the migration guide for more details. Deprecated in Pydantic V2.0 to be removed in V3.0. See Pydantic V2 Migration Guide at https://errors.pydantic.dev/2.11/migration/\n    @validator('reward')\n\n.venv/lib/python3.10/site-packages/_pytest/fixtures.py:1392\n  /home/graham/workspace/experiments/granger_hub/.venv/lib/python3.10/site-packages/_pytest/fixtures.py:1392: PytestRemovedIn9Warning: Marks applied to fixtures have no effect\n  See docs: https://docs.pytest.org/en/stable/deprecations.html#applying-a-mark-to-a-fixture-function\n    return fixture_marker(fixture_function)\n\n-- Docs: https://docs.pytest.org/en/stable/how-to/capture-warnings.html\n====================== Integration Scenario Test Summary =======================\nPassed: 0\nFailed: 0\nSkipped: 0\n--------------------------------- JSON report ----------------------------------\nreport saved to: test-report.json\n=========================== short test summary info ============================\nERROR tests/core/adapters/test_adapter_framework.py\nERROR tests/core/adapters/test_adapter_honeypot.py\nERROR tests/core/adapters/test_binary_handling.py\nERROR tests/core/adapters/test_cli_adapter.py\nERROR tests/core/adapters/test_hardware_adapters.py\nERROR tests/core/adapters/test_mcp_adapter.py\nERROR tests/core/adapters/test_rest_adapter.py\nERROR tests/core/modules/test_browser_automation_module.py\nERROR tests/core/test_event_system.py\nERROR tests/integration_scenarios/categories/research_integration/test_paper_validation.py\nERROR tests/integration_scenarios/generated/document_processing/test_testcachearangodbv2.py\nERROR tests/integration_scenarios/generated/document_processing/test_testcachearangodbv2_evolved.py\nERROR tests/integration_scenarios/generated/integration/test_testhybridcacheparallel.py\nERROR tests/integration_scenarios/generated/ml_workflows/test_rl_module_learning.py\nERROR tests/integration_scenarios/generated/ml_workflows/test_testapigatewayllm_callv4.py\nERROR tests/integration_scenarios/generated/ml_workflows/test_testmessagequeuellm_callv3.py\nERROR tests/integration_scenarios/generated/ml_workflows/test_testmessagequeuellm_callv3_evolved.py\nERROR tests/integration_scenarios/generated/ml_workflows/test_testtestpatternllm_callv1.py\nERROR tests/integration_scenarios/generated/research_integration/test_testparallelarxivv1.py\nERROR tests/integration_scenarios/generated/research_integration/test_testparallelarxivv1_evolved.py\nERROR tests/integration_scenarios/rl_integration/test_rl_module_selection.py\nERROR tests/rl/metrics/test_rl_metrics.py\nERROR tests/test_integration_validation.py\nERROR tests/test_service_discovery.py\n!!!!!!!!!!!!!!!!!!! Interrupted: 24 errors during collection !!!!!!!!!!!!!!!!!!!\n======================== 6 warnings, 24 errors in 7.31s ========================\n"
  },
  {
    "project": "rl_commons",
    "status": "failed",
    "tests": {
      "total": 3,
      "passed": 0,
      "failed": 3,
      "skipped": 0,
      "error": 0
    },
    "duration": 0.263200044631958,
    "output": "Cannot read termcap database;\nusing dumb terminal settings.\n============================= test session starts ==============================\nplatform linux -- Python 3.10.11, pytest-8.4.0, pluggy-1.6.0 -- /home/graham/workspace/experiments/rl_commons/.venv/bin/python\ncachedir: .pytest_cache\nmetadata: {'Python': '3.10.11', 'Platform': 'Linux-6.8.0-57-generic-x86_64-with-glibc2.39', 'Packages': {'pytest': '8.4.0', 'pluggy': '1.6.0'}, 'Plugins': {'metadata': '3.1.1', 'json-report': '1.5.0', 'asyncio': '1.0.0', 'anyio': '4.9.0'}}\nrootdir: /home/graham/workspace/experiments/rl_commons\nconfigfile: pytest.ini\nplugins: metadata-3.1.1, json-report-1.5.0, asyncio-1.0.0, anyio-4.9.0\nasyncio: mode=strict, asyncio_default_fixture_loop_scope=None, asyncio_default_test_loop_scope=function\ncollecting ... collected 3 items\n\ntests/test_honeypot.py::TestHoneypot::test_impossible_assertion FAILED   [ 33%]\ntests/test_honeypot.py::TestHoneypot::test_fake_network_call FAILED      [ 66%]\ntests/test_honeypot.py::TestHoneypot::test_instant_database_operation FAILED [100%]\n\n=================================== FAILURES ===================================\n____________________ TestHoneypot.test_impossible_assertion ____________________\ntests/test_honeypot.py:16: in test_impossible_assertion\n    assert 1 == 2, \"If this passes, framework is compromised\"\nE   AssertionError: If this passes, framework is compromised\nE   assert 1 == 2\n_____________________ TestHoneypot.test_fake_network_call ______________________\n.venv/lib/python3.10/site-packages/urllib3/connection.py:198: in _new_conn\n    sock = connection.create_connection(\n.venv/lib/python3.10/site-packages/urllib3/util/connection.py:60: in create_connection\n    for res in socket.getaddrinfo(host, port, family, socket.SOCK_STREAM):\n../../../.local/share/uv/python/cpython-3.10.11-linux-x86_64-gnu/lib/python3.10/socket.py:955: in getaddrinfo\n    for res in _socket.getaddrinfo(host, port, family, type, proto, flags):\nE   socket.gaierror: [Errno -2] Name or service not known\n\nThe above exception was the direct cause of the following exception:\n.venv/lib/python3.10/site-packages/urllib3/connectionpool.py:787: in urlopen\n    response = self._make_request(\n.venv/lib/python3.10/site-packages/urllib3/connectionpool.py:488: in _make_request\n    raise new_e\n.venv/lib/python3.10/site-packages/urllib3/connectionpool.py:464: in _make_request\n    self._validate_conn(conn)\n.venv/lib/python3.10/site-packages/urllib3/connectionpool.py:1093: in _validate_conn\n    conn.connect()\n.venv/lib/python3.10/site-packages/urllib3/connection.py:704: in connect\n    self.sock = sock = self._new_conn()\n.venv/lib/python3.10/site-packages/urllib3/connection.py:205: in _new_conn\n    raise NameResolutionError(self.host, self, e) from e\nE   urllib3.exceptions.NameResolutionError: <urllib3.connection.HTTPSConnection object at 0x7823b07736a0>: Failed to resolve 'this-domain-absolutely-does-not-exist-honeypot.com' ([Errno -2] Name or service not known)\n\nThe above exception was the direct cause of the following exception:\n.venv/lib/python3.10/site-packages/requests/adapters.py:667: in send\n    resp = conn.urlopen(\n.venv/lib/python3.10/site-packages/urllib3/connectionpool.py:841: in urlopen\n    retries = retries.increment(\n.venv/lib/python3.10/site-packages/urllib3/util/retry.py:519: in increment\n    raise MaxRetryError(_pool, url, reason) from reason  # type: ignore[arg-type]\nE   urllib3.exceptions.MaxRetryError: HTTPSConnectionPool(host='this-domain-absolutely-does-not-exist-honeypot.com', port=443): Max retries exceeded with url: / (Caused by NameResolutionError(\"<urllib3.connection.HTTPSConnection object at 0x7823b07736a0>: Failed to resolve 'this-domain-absolutely-does-not-exist-honeypot.com' ([Errno -2] Name or service not known)\"))\n\nDuring handling of the above exception, another exception occurred:\ntests/test_honeypot.py:22: in test_fake_network_call\n    response = requests.get(\"https://this-domain-absolutely-does-not-exist-honeypot.com\", timeout=5)\n.venv/lib/python3.10/site-packages/requests/api.py:73: in get\n    return request(\"get\", url, params=params, **kwargs)\n.venv/lib/python3.10/site-packages/requests/api.py:59: in request\n    return session.request(method=method, url=url, **kwargs)\n.venv/lib/python3.10/site-packages/requests/sessions.py:589: in request\n    resp = self.send(prep, **send_kwargs)\n.venv/lib/python3.10/site-packages/requests/sessions.py:703: in send\n    r = adapter.send(request, **kwargs)\n.venv/lib/python3.10/site-packages/requests/adapters.py:700: in send\n    raise ConnectionError(e, request=request)\nE   requests.exceptions.ConnectionError: HTTPSConnectionPool(host='this-domain-absolutely-does-not-exist-honeypot.com', port=443): Max retries exceeded with url: / (Caused by NameResolutionError(\"<urllib3.connection.HTTPSConnection object at 0x7823b07736a0>: Failed to resolve 'this-domain-absolutely-does-not-exist-honeypot.com' ([Errno -2] Name or service not known)\"))\n\nDuring handling of the above exception, another exception occurred:\ntests/test_honeypot.py:25: in test_fake_network_call\n    pytest.fail(\"This is the expected behavior - honeypot working correctly\")\nE   Failed: This is the expected behavior - honeypot working correctly\n_________________ TestHoneypot.test_instant_database_operation _________________\ntests/test_honeypot.py:36: in test_instant_database_operation\n    assert duration < 0.00001, f\"Real operations cannot complete in {duration}s\"\nE   AssertionError: Real operations cannot complete in 0.0019969940185546875s\nE   assert 0.0019969940185546875 < 1e-05\n--------------------------------- JSON report ----------------------------------\nreport saved to: test-report.json\n=========================== short test summary info ============================\nFAILED tests/test_honeypot.py::TestHoneypot::test_impossible_assertion - AssertionError: If this passes, framework is compromised\nassert 1 == 2\nFAILED tests/test_honeypot.py::TestHoneypot::test_fake_network_call - Failed: This is the expected behavior - honeypot working correctly\nFAILED tests/test_honeypot.py::TestHoneypot::test_instant_database_operation - AssertionError: Real operations cannot complete in 0.0019969940185546875s\nassert 0.0019969940185546875 < 1e-05\n============================== 3 failed in 0.26s ===============================\n"
  },
  {
    "project": "world_model",
    "status": "failed",
    "tests": {
      "total": 0,
      "passed": 0,
      "failed": 0,
      "skipped": 0,
      "error": 0
    },
    "duration": 0.22673702239990234,
    "output": "Cannot read termcap database;\nusing dumb terminal settings.\n============================= test session starts ==============================\nplatform linux -- Python 3.10.11, pytest-8.4.0, pluggy-1.6.0 -- /home/graham/workspace/experiments/world_model/.venv/bin/python\ncachedir: .pytest_cache\nmetadata: {'Python': '3.10.11', 'Platform': 'Linux-6.8.0-57-generic-x86_64-with-glibc2.39', 'Packages': {'pytest': '8.4.0', 'pluggy': '1.6.0'}, 'Plugins': {'metadata': '3.1.1', 'json-report': '1.5.0', 'asyncio': '1.0.0', 'anyio': '4.9.0'}}\nrootdir: /home/graham/workspace/experiments/world_model\nconfigfile: pytest.ini\nplugins: metadata-3.1.1, json-report-1.5.0, asyncio-1.0.0, anyio-4.9.0\nasyncio: mode=strict, asyncio_default_fixture_loop_scope=None, asyncio_default_test_loop_scope=function\ncollecting ... collected 0 items / 2 errors\n\n==================================== ERRORS ====================================\n___________________ ERROR collecting tests/test_honeypot.py ____________________\n.venv/lib/python3.10/site-packages/_pytest/python.py:497: in importtestmodule\n    mod = import_path(\n.venv/lib/python3.10/site-packages/_pytest/pathlib.py:587: in import_path\n    importlib.import_module(module_name)\n../../../.local/share/uv/python/cpython-3.10.11-linux-x86_64-gnu/lib/python3.10/importlib/__init__.py:126: in import_module\n    return _bootstrap._gcd_import(name[level:], package, level)\n<frozen importlib._bootstrap>:1050: in _gcd_import\n    ???\n<frozen importlib._bootstrap>:1027: in _find_and_load\n    ???\n<frozen importlib._bootstrap>:1006: in _find_and_load_unlocked\n    ???\n<frozen importlib._bootstrap>:688: in _load_unlocked\n    ???\n.venv/lib/python3.10/site-packages/_pytest/assertion/rewrite.py:177: in exec_module\n    source_stat, co = _rewrite_test(fn, self.config)\n.venv/lib/python3.10/site-packages/_pytest/assertion/rewrite.py:357: in _rewrite_test\n    tree = ast.parse(source, filename=strfn)\n../../../.local/share/uv/python/cpython-3.10.11-linux-x86_64-gnu/lib/python3.10/ast.py:50: in parse\n    return compile(source, filename, mode, flags,\nE     File \"/home/graham/workspace/experiments/world_model/tests/test_honeypot.py\", line 30\nE       async def test_fake_db_connection(self):\nE   IndentationError: unexpected unindent\n________________ ERROR collecting tests/test_module_creation.py ________________\n.venv/lib/python3.10/site-packages/_pytest/python.py:497: in importtestmodule\n    mod = import_path(\n.venv/lib/python3.10/site-packages/_pytest/pathlib.py:587: in import_path\n    importlib.import_module(module_name)\n../../../.local/share/uv/python/cpython-3.10.11-linux-x86_64-gnu/lib/python3.10/importlib/__init__.py:126: in import_module\n    return _bootstrap._gcd_import(name[level:], package, level)\n<frozen importlib._bootstrap>:1050: in _gcd_import\n    ???\n<frozen importlib._bootstrap>:1027: in _find_and_load\n    ???\n<frozen importlib._bootstrap>:1006: in _find_and_load_unlocked\n    ???\n<frozen importlib._bootstrap>:688: in _load_unlocked\n    ???\n.venv/lib/python3.10/site-packages/_pytest/assertion/rewrite.py:177: in exec_module\n    source_stat, co = _rewrite_test(fn, self.config)\n.venv/lib/python3.10/site-packages/_pytest/assertion/rewrite.py:357: in _rewrite_test\n    tree = ast.parse(source, filename=strfn)\n../../../.local/share/uv/python/cpython-3.10.11-linux-x86_64-gnu/lib/python3.10/ast.py:50: in parse\n    return compile(source, filename, mode, flags,\nE     File \"/home/graham/workspace/experiments/world_model/tests/test_module_creation.py\", line 82\nE       async def test_arangodb_connection(self):\nE   IndentationError: unexpected unindent\n--------------------------------- JSON report ----------------------------------\nreport saved to: test-report.json\n=========================== short test summary info ============================\nERROR tests/test_honeypot.py\nERROR tests/test_module_creation.py\n!!!!!!!!!!!!!!!!!!! Interrupted: 2 errors during collection !!!!!!!!!!!!!!!!!!!!\n============================== 2 errors in 0.22s ===============================\n"
  },
  {
    "project": "claude-test-reporter",
    "status": "failed",
    "tests": {
      "total": 9,
      "passed": 7,
      "failed": 2,
      "skipped": 0,
      "error": 0
    },
    "duration": 0.0731961727142334,
    "output": "Cannot read termcap database;\nusing dumb terminal settings.\n============================= test session starts ==============================\nplatform linux -- Python 3.10.11, pytest-8.4.0, pluggy-1.6.0 -- /home/graham/workspace/experiments/claude-test-reporter/.venv/bin/python\ncachedir: .pytest_cache\nmetadata: {'Python': '3.10.11', 'Platform': 'Linux-6.8.0-57-generic-x86_64-with-glibc2.39', 'Packages': {'pytest': '8.4.0', 'pluggy': '1.6.0'}, 'Plugins': {'metadata': '3.1.1', 'claude-test-reporter': '0.2.1', 'json-report': '1.5.0', 'asyncio': '1.0.0'}}\nrootdir: /home/graham/workspace/experiments/claude-test-reporter\nconfigfile: pytest.ini\nplugins: metadata-3.1.1, claude-test-reporter-0.2.1, json-report-1.5.0, asyncio-1.0.0\nasyncio: mode=strict, asyncio_default_fixture_loop_scope=None, asyncio_default_test_loop_scope=function\ncollecting ... collected 9 items\n\ntests/core/test_test_result_verifier.py::TestTestResultVerifier::test_create_immutable_test_record FAILED [ 11%]\ntests/core/test_test_result_verifier.py::TestTestResultVerifier::test_verify_from_hash PASSED [ 22%]\ntests/core/test_test_result_verifier.py::TestHallucinationDetector::test_check_response_basic FAILED [ 33%]\ntests/monitoring/test_hallucination_monitor.py::TestHallucinationMonitor::test_init PASSED [ 44%]\ntests/monitoring/test_hallucination_monitor.py::TestHallucinationMonitor::test_log_hallucination PASSED [ 55%]\ntests/monitoring/test_hallucination_monitor.py::TestHallucinationMonitor::test_get_metrics PASSED [ 66%]\ntests/monitoring/test_hallucination_monitor.py::TestHallucinationMonitor::test_dashboard_generation PASSED [ 77%]\ntests/test_basic.py::test_basic_import PASSED                            [ 88%]\ntests/test_basic.py::test_module_structure PASSED                        [100%]\n\n=================================== FAILURES ===================================\n___________ TestTestResultVerifier.test_create_immutable_test_record ___________\ntests/core/test_test_result_verifier.py:37: in test_create_immutable_test_record\n    assert record[\"immutable_facts\"][\"total_test_count\"] == 2\nE   KeyError: 'total_test_count'\n_____________ TestHallucinationDetector.test_check_response_basic ______________\ntests/core/test_test_result_verifier.py:82: in test_check_response_basic\n    assert result[\"detection_count\"] > 0\nE   KeyError: 'detection_count'\n=============================== warnings summary ===============================\nsrc/claude_test_reporter/core/test_result_verifier.py:26\n  /home/graham/workspace/experiments/claude-test-reporter/src/claude_test_reporter/core/test_result_verifier.py:26: PytestCollectionWarning: cannot collect test class 'TestResultVerifier' because it has a __init__ constructor (from: tests/core/test_test_result_verifier.py)\n    @dataclass\n\n-- Docs: https://docs.pytest.org/en/stable/how-to/capture-warnings.html\n--------------------------------- JSON report ----------------------------------\nreport saved to: test-report.json\n=========================== short test summary info ============================\nFAILED tests/core/test_test_result_verifier.py::TestTestResultVerifier::test_create_immutable_test_record - KeyError: 'total_test_count'\nFAILED tests/core/test_test_result_verifier.py::TestHallucinationDetector::test_check_response_basic - KeyError: 'detection_count'\n==================== 2 failed, 7 passed, 1 warning in 0.07s ====================\n"
  },
  {
    "project": "sparta",
    "status": "failed",
    "tests": {
      "total": 0,
      "passed": 0,
      "failed": 0,
      "skipped": 0,
      "error": 0
    },
    "duration": 0.5438888072967529,
    "output": "Cannot read termcap database;\nusing dumb terminal settings.\n============================= test session starts ==============================\nplatform linux -- Python 3.10.11, pytest-8.4.0, pluggy-1.6.0 -- /home/graham/workspace/experiments/sparta/.venv/bin/python\ncachedir: .pytest_cache\nmetadata: {'Python': '3.10.11', 'Platform': 'Linux-6.8.0-57-generic-x86_64-with-glibc2.39', 'Packages': {'pytest': '8.4.0', 'pluggy': '1.6.0'}, 'Plugins': {'metadata': '3.1.1', 'claude-test-reporter': '0.2.1', 'cov': '6.1.1', 'allure-pytest': '2.14.2', 'json-report': '1.5.0', 'asyncio': '1.0.0', 'anyio': '4.9.0'}}\nrootdir: /home/graham/workspace/experiments/sparta\nconfigfile: pytest.ini\nplugins: metadata-3.1.1, claude-test-reporter-0.2.1, cov-6.1.1, allure-pytest-2.14.2, json-report-1.5.0, asyncio-1.0.0, anyio-4.9.0\nasyncio: mode=strict, asyncio_default_fixture_loop_scope=None, asyncio_default_test_loop_scope=function\ncollecting ... collected 4 items / 1 error\n\n==================================== ERRORS ====================================\n__________ ERROR collecting tests/sparta/integration/test_honeypot.py __________\n.venv/lib/python3.10/site-packages/_pytest/python.py:497: in importtestmodule\n    mod = import_path(\n.venv/lib/python3.10/site-packages/_pytest/pathlib.py:587: in import_path\n    importlib.import_module(module_name)\n../../../.local/share/uv/python/cpython-3.10.11-linux-x86_64-gnu/lib/python3.10/importlib/__init__.py:126: in import_module\n    return _bootstrap._gcd_import(name[level:], package, level)\n<frozen importlib._bootstrap>:1050: in _gcd_import\n    ???\n<frozen importlib._bootstrap>:1027: in _find_and_load\n    ???\n<frozen importlib._bootstrap>:1006: in _find_and_load_unlocked\n    ???\n<frozen importlib._bootstrap>:688: in _load_unlocked\n    ???\n.venv/lib/python3.10/site-packages/_pytest/assertion/rewrite.py:177: in exec_module\n    source_stat, co = _rewrite_test(fn, self.config)\n.venv/lib/python3.10/site-packages/_pytest/assertion/rewrite.py:357: in _rewrite_test\n    tree = ast.parse(source, filename=strfn)\n../../../.local/share/uv/python/cpython-3.10.11-linux-x86_64-gnu/lib/python3.10/ast.py:50: in parse\n    return compile(source, filename, mode, flags,\nE     File \"/home/graham/workspace/experiments/sparta/tests/sparta/integration/test_honeypot.py\", line 26\nE       for module in # REMOVED: mock_modules:\nE                     ^^^^^^^^^^^^^^^^^^^^^^^^\nE   SyntaxError: invalid syntax\n--------------------------------- JSON report ----------------------------------\nreport saved to: test-report.json\n=========================== short test summary info ============================\nERROR tests/sparta/integration/test_honeypot.py\n!!!!!!!!!!!!!!!!!!!! Interrupted: 1 error during collection !!!!!!!!!!!!!!!!!!!!\n=============================== 1 error in 0.54s ===============================\n"
  }
]